<?xml version="1.0" encoding="UTF-8"?>
<testng-results skipped="0" failed="0" ignored="0" total="1" passed="1">
  <reporter-output>
  </reporter-output>
  <suite name="Default suite" duration-ms="3347" started-at="2020-05-15T20:03:40Z" finished-at="2020-05-15T20:03:43Z">
    <groups>
    </groups>
    <test name="Default test" duration-ms="3347" started-at="2020-05-15T20:03:40Z" finished-at="2020-05-15T20:03:43Z">
      <class name="RestPractice.RestPractice.RESTAssuredJSONTests">
        <test-method status="PASS" signature="simple_get_test()[pri:0, instance:RestPractice.RestPractice.RESTAssuredJSONTests@20e2cbe0]" name="simple_get_test" duration-ms="3297" started-at="2020-05-15T20:03:40Z" finished-at="2020-05-15T20:03:43Z">
          <reporter-output>
          </reporter-output>
        </test-method> <!-- simple_get_test -->
      </class> <!-- RestPractice.RestPractice.RESTAssuredJSONTests -->
    </test> <!-- Default test -->
  </suite> <!-- Default suite -->
</testng-results>
